Started by GitHub push by IAMPathak2702
Running as SYSTEM
Building in workspace /var/lib/jenkins/workspace/1-Github-Docker
The recommended git tool is: NONE
No credentials specified
 > git rev-parse --resolve-git-dir /var/lib/jenkins/workspace/1-Github-Docker/.git # timeout=10
Fetching changes from the remote Git repository
 > git config remote.origin.url https://github.com/IAMPathak2702/ml-cd-ci-jenkins # timeout=10
Fetching upstream changes from https://github.com/IAMPathak2702/ml-cd-ci-jenkins
 > git --version # timeout=10
 > git --version # 'git version 2.34.1'
 > git fetch --tags --force --progress -- https://github.com/IAMPathak2702/ml-cd-ci-jenkins +refs/heads/*:refs/remotes/origin/* # timeout=10
 > git rev-parse refs/remotes/origin/main^{commit} # timeout=10
Checking out Revision 6f2afc9aa3e1c398a6fa1849f98b81d7e184f1a4 (refs/remotes/origin/main)
 > git config core.sparsecheckout # timeout=10
 > git checkout -f 6f2afc9aa3e1c398a6fa1849f98b81d7e184f1a4 # timeout=10
Commit message: "Update README.md"
 > git rev-list --no-walk bc92aae211217c8377712c2266a6e04d5320b7ea # timeout=10
No emails were triggered.
[1-Github-Docker] $ /bin/sh -xe /tmp/jenkins15235573915376156526.sh
+ echo Cloning of Repo Completed
Cloning of Repo Completed
+ echo  Build Started
 Build Started
[1-Github-Docker] $ /bin/sh -xe /tmp/jenkins15851321831823808146.sh
+ docker build -t impathak/cicd:latest .
#0 building with "default" instance using docker driver

#1 [internal] load build definition from Dockerfile
#1 transferring dockerfile: 982B done
#1 DONE 0.0s

#2 [internal] load metadata for docker.io/library/python:3.11.8-slim-bullseye
#2 DONE 1.6s

#3 [internal] load .dockerignore
#3 transferring context: 2B done
#3 DONE 0.0s

#4 [1/8] FROM docker.io/library/python:3.11.8-slim-bullseye@sha256:6988e45203d296f2bc89f171995487f388fc18f1cb23110c6521eb3dcca369a9
#4 DONE 0.0s

#5 [internal] load build context
#5 transferring context: 7.98MB 0.2s done
#5 DONE 0.2s

#6 [2/8] RUN apt-get update && apt-get install -y --no-install-recommends     build-essential     libpq-dev     && rm -rf /var/lib/apt/lists/*
#6 CACHED

#7 [3/8] RUN pip install --no-cache-dir --upgrade pip
#7 CACHED

#8 [4/8] WORKDIR /code
#8 CACHED

#9 [5/8] COPY . /code
#9 DONE 0.2s

#10 [6/8] RUN pip install --no-cache-dir -r /code/src/requirements.txt
#10 2.176 Collecting joblib==1.3.2 (from -r /code/src/requirements.txt (line 1))
#10 2.193   Downloading joblib-1.3.2-py3-none-any.whl.metadata (5.4 kB)
#10 2.459 Collecting numpy==1.24.3 (from -r /code/src/requirements.txt (line 2))
#10 2.464   Downloading numpy-1.24.3-cp311-cp311-manylinux_2_17_x86_64.manylinux2014_x86_64.whl.metadata (5.6 kB)
#10 2.633 Collecting pandas==2.2.1 (from -r /code/src/requirements.txt (line 3))
#10 2.637   Downloading pandas-2.2.1-cp311-cp311-manylinux_2_17_x86_64.manylinux2014_x86_64.whl.metadata (19 kB)
#10 2.716 Collecting pytest==8.1.1 (from -r /code/src/requirements.txt (line 4))
#10 2.720   Downloading pytest-8.1.1-py3-none-any.whl.metadata (7.6 kB)
#10 2.833 Collecting scikit_learn==1.4.1.post1 (from -r /code/src/requirements.txt (line 5))
#10 2.839   Downloading scikit_learn-1.4.1.post1-cp311-cp311-manylinux_2_17_x86_64.manylinux2014_x86_64.whl.metadata (11 kB)
#10 3.090 Collecting setuptools==69.2.0 (from -r /code/src/requirements.txt (line 6))
#10 3.094   Downloading setuptools-69.2.0-py3-none-any.whl.metadata (6.3 kB)
#10 3.135 Collecting wheel==0.38.4 (from -r /code/src/requirements.txt (line 7))
#10 3.139   Downloading wheel-0.38.4-py3-none-any.whl.metadata (2.1 kB)
#10 3.221 Collecting fastapi==0.103.0 (from -r /code/src/requirements.txt (line 8))
#10 3.225   Downloading fastapi-0.103.0-py3-none-any.whl.metadata (24 kB)
#10 3.378 Collecting pydantic==2.4.2 (from -r /code/src/requirements.txt (line 9))
#10 3.383   Downloading pydantic-2.4.2-py3-none-any.whl.metadata (158 kB)
#10 3.388      ━━━━━━━━━━━━━━━━━━━━━━━━━━━━━━━━━━━━━ 158.6/158.6 kB 118.7 MB/s eta 0:00:00
#10 3.438 Collecting uvicorn==0.23.2 (from -r /code/src/requirements.txt (line 10))
#10 3.442   Downloading uvicorn-0.23.2-py3-none-any.whl.metadata (6.2 kB)
#10 3.469 Collecting gunicorn==21.2.0 (from -r /code/src/requirements.txt (line 11))
#10 3.473   Downloading gunicorn-21.2.0-py3-none-any.whl.metadata (4.1 kB)
#10 3.576 Collecting python-dateutil>=2.8.2 (from pandas==2.2.1->-r /code/src/requirements.txt (line 3))
#10 3.580   Downloading python_dateutil-2.9.0.post0-py2.py3-none-any.whl.metadata (8.4 kB)
#10 3.645 Collecting pytz>=2020.1 (from pandas==2.2.1->-r /code/src/requirements.txt (line 3))
#10 3.650   Downloading pytz-2024.1-py2.py3-none-any.whl.metadata (22 kB)
#10 3.674 Collecting tzdata>=2022.7 (from pandas==2.2.1->-r /code/src/requirements.txt (line 3))
#10 3.677   Downloading tzdata-2024.1-py2.py3-none-any.whl.metadata (1.4 kB)
#10 3.701 Collecting iniconfig (from pytest==8.1.1->-r /code/src/requirements.txt (line 4))
#10 3.705   Downloading iniconfig-2.0.0-py3-none-any.whl.metadata (2.6 kB)
#10 3.733 Collecting packaging (from pytest==8.1.1->-r /code/src/requirements.txt (line 4))
#10 3.737   Downloading packaging-24.0-py3-none-any.whl.metadata (3.2 kB)
#10 3.759 Collecting pluggy<2.0,>=1.4 (from pytest==8.1.1->-r /code/src/requirements.txt (line 4))
#10 3.763   Downloading pluggy-1.4.0-py3-none-any.whl.metadata (4.3 kB)
#10 3.975 Collecting scipy>=1.6.0 (from scikit_learn==1.4.1.post1->-r /code/src/requirements.txt (line 5))
#10 3.981   Downloading scipy-1.13.0-cp311-cp311-manylinux_2_17_x86_64.manylinux2014_x86_64.whl.metadata (60 kB)
#10 3.984      ━━━━━━━━━━━━━━━━━━━━━━━━━━━━━━━━━━━━━━━ 60.6/60.6 kB 163.1 MB/s eta 0:00:00
#10 4.020 Collecting threadpoolctl>=2.0.0 (from scikit_learn==1.4.1.post1->-r /code/src/requirements.txt (line 5))
#10 4.023   Downloading threadpoolctl-3.4.0-py3-none-any.whl.metadata (13 kB)
#10 4.349 Collecting starlette<0.28.0,>=0.27.0 (from fastapi==0.103.0->-r /code/src/requirements.txt (line 8))
#10 4.353   Downloading starlette-0.27.0-py3-none-any.whl.metadata (5.8 kB)
#10 4.377 Collecting typing-extensions>=4.5.0 (from fastapi==0.103.0->-r /code/src/requirements.txt (line 8))
#10 4.381   Downloading typing_extensions-4.11.0-py3-none-any.whl.metadata (3.0 kB)
#10 4.404 Collecting annotated-types>=0.4.0 (from pydantic==2.4.2->-r /code/src/requirements.txt (line 9))
#10 4.408   Downloading annotated_types-0.6.0-py3-none-any.whl.metadata (12 kB)
#10 5.105 Collecting pydantic-core==2.10.1 (from pydantic==2.4.2->-r /code/src/requirements.txt (line 9))
#10 5.112   Downloading pydantic_core-2.10.1-cp311-cp311-manylinux_2_17_x86_64.manylinux2014_x86_64.whl.metadata (6.5 kB)
#10 5.157 Collecting click>=7.0 (from uvicorn==0.23.2->-r /code/src/requirements.txt (line 10))
#10 5.161   Downloading click-8.1.7-py3-none-any.whl.metadata (3.0 kB)
#10 5.180 Collecting h11>=0.8 (from uvicorn==0.23.2->-r /code/src/requirements.txt (line 10))
#10 5.183   Downloading h11-0.14.0-py3-none-any.whl.metadata (8.2 kB)
#10 5.240 Collecting six>=1.5 (from python-dateutil>=2.8.2->pandas==2.2.1->-r /code/src/requirements.txt (line 3))
#10 5.244   Downloading six-1.16.0-py2.py3-none-any.whl.metadata (1.8 kB)
#10 5.370 Collecting anyio<5,>=3.4.0 (from starlette<0.28.0,>=0.27.0->fastapi==0.103.0->-r /code/src/requirements.txt (line 8))
#10 5.376   Downloading anyio-4.3.0-py3-none-any.whl.metadata (4.6 kB)
#10 5.486 Collecting idna>=2.8 (from anyio<5,>=3.4.0->starlette<0.28.0,>=0.27.0->fastapi==0.103.0->-r /code/src/requirements.txt (line 8))
#10 5.490   Downloading idna-3.6-py3-none-any.whl.metadata (9.9 kB)
#10 5.503 Collecting sniffio>=1.1 (from anyio<5,>=3.4.0->starlette<0.28.0,>=0.27.0->fastapi==0.103.0->-r /code/src/requirements.txt (line 8))
#10 5.506   Downloading sniffio-1.3.1-py3-none-any.whl.metadata (3.9 kB)
#10 5.536 Downloading joblib-1.3.2-py3-none-any.whl (302 kB)
#10 5.540    ━━━━━━━━━━━━━━━━━━━━━━━━━━━━━━━━━━━━━━━ 302.2/302.2 kB 177.6 MB/s eta 0:00:00
#10 5.545 Downloading numpy-1.24.3-cp311-cp311-manylinux_2_17_x86_64.manylinux2014_x86_64.whl (17.3 MB)
#10 5.873    ━━━━━━━━━━━━━━━━━━━━━━━━━━━━━━━━━━━━━━━━ 17.3/17.3 MB 42.0 MB/s eta 0:00:00
#10 5.881 Downloading pandas-2.2.1-cp311-cp311-manylinux_2_17_x86_64.manylinux2014_x86_64.whl (13.0 MB)
#10 6.009    ━━━━━━━━━━━━━━━━━━━━━━━━━━━━━━━━━━━━━━━━ 13.0/13.0 MB 104.0 MB/s eta 0:00:00
#10 6.015 Downloading pytest-8.1.1-py3-none-any.whl (337 kB)
#10 6.019    ━━━━━━━━━━━━━━━━━━━━━━━━━━━━━━━━━━━━━━━ 337.4/337.4 kB 192.6 MB/s eta 0:00:00
#10 6.026 Downloading scikit_learn-1.4.1.post1-cp311-cp311-manylinux_2_17_x86_64.manylinux2014_x86_64.whl (12.1 MB)
#10 6.137    ━━━━━━━━━━━━━━━━━━━━━━━━━━━━━━━━━━━━━━━━ 12.1/12.1 MB 116.4 MB/s eta 0:00:00
#10 6.143 Downloading setuptools-69.2.0-py3-none-any.whl (821 kB)
#10 6.152    ━━━━━━━━━━━━━━━━━━━━━━━━━━━━━━━━━━━━━━━ 821.5/821.5 kB 148.7 MB/s eta 0:00:00
#10 6.157 Downloading wheel-0.38.4-py3-none-any.whl (36 kB)
#10 6.161 Downloading fastapi-0.103.0-py3-none-any.whl (66 kB)
#10 6.164    ━━━━━━━━━━━━━━━━━━━━━━━━━━━━━━━━━━━━━━━━ 66.2/66.2 kB 147.9 MB/s eta 0:00:00
#10 6.188 Downloading pydantic-2.4.2-py3-none-any.whl (395 kB)
#10 6.188    ━━━━━━━━━━━━━━━━━━━━━━━━━━━━━━━━━━━━━━━ 395.8/395.8 kB 150.6 MB/s eta 0:00:00
#10 6.188 Downloading uvicorn-0.23.2-py3-none-any.whl (59 kB)
#10 6.188    ━━━━━━━━━━━━━━━━━━━━━━━━━━━━━━━━━━━━━━━━ 59.5/59.5 kB 168.5 MB/s eta 0:00:00
#10 6.188 Downloading gunicorn-21.2.0-py3-none-any.whl (80 kB)
#10 6.191    ━━━━━━━━━━━━━━━━━━━━━━━━━━━━━━━━━━━━━━━━ 80.2/80.2 kB 195.3 MB/s eta 0:00:00
#10 6.195 Downloading pydantic_core-2.10.1-cp311-cp311-manylinux_2_17_x86_64.manylinux2014_x86_64.whl (2.0 MB)
#10 6.214    ━━━━━━━━━━━━━━━━━━━━━━━━━━━━━━━━━━━━━━━━ 2.0/2.0 MB 131.2 MB/s eta 0:00:00
#10 6.218 Downloading annotated_types-0.6.0-py3-none-any.whl (12 kB)
#10 6.222 Downloading click-8.1.7-py3-none-any.whl (97 kB)
#10 6.226    ━━━━━━━━━━━━━━━━━━━━━━━━━━━━━━━━━━━━━━━━ 97.9/97.9 kB 174.1 MB/s eta 0:00:00
#10 6.230 Downloading h11-0.14.0-py3-none-any.whl (58 kB)
#10 6.233    ━━━━━━━━━━━━━━━━━━━━━━━━━━━━━━━━━━━━━━━━ 58.3/58.3 kB 143.5 MB/s eta 0:00:00
#10 6.237 Downloading pluggy-1.4.0-py3-none-any.whl (20 kB)
#10 6.242 Downloading python_dateutil-2.9.0.post0-py2.py3-none-any.whl (229 kB)
#10 6.246    ━━━━━━━━━━━━━━━━━━━━━━━━━━━━━━━━━━━━━━━ 229.9/229.9 kB 169.2 MB/s eta 0:00:00
#10 6.251 Downloading pytz-2024.1-py2.py3-none-any.whl (505 kB)
#10 6.257    ━━━━━━━━━━━━━━━━━━━━━━━━━━━━━━━━━━━━━━━ 505.5/505.5 kB 174.4 MB/s eta 0:00:00
#10 6.262 Downloading scipy-1.13.0-cp311-cp311-manylinux_2_17_x86_64.manylinux2014_x86_64.whl (38.6 MB)
#10 6.624    ━━━━━━━━━━━━━━━━━━━━━━━━━━━━━━━━━━━━━━━━ 38.6/38.6 MB 121.5 MB/s eta 0:00:00
#10 6.629 Downloading starlette-0.27.0-py3-none-any.whl (66 kB)
#10 6.631    ━━━━━━━━━━━━━━━━━━━━━━━━━━━━━━━━━━━━━━━━ 67.0/67.0 kB 171.3 MB/s eta 0:00:00
#10 6.636 Downloading threadpoolctl-3.4.0-py3-none-any.whl (17 kB)
#10 6.640 Downloading typing_extensions-4.11.0-py3-none-any.whl (34 kB)
#10 6.644 Downloading tzdata-2024.1-py2.py3-none-any.whl (345 kB)
#10 6.649    ━━━━━━━━━━━━━━━━━━━━━━━━━━━━━━━━━━━━━━━ 345.4/345.4 kB 183.7 MB/s eta 0:00:00
#10 6.653 Downloading iniconfig-2.0.0-py3-none-any.whl (5.9 kB)
#10 6.656 Downloading packaging-24.0-py3-none-any.whl (53 kB)
#10 6.659    ━━━━━━━━━━━━━━━━━━━━━━━━━━━━━━━━━━━━━━━━ 53.5/53.5 kB 162.1 MB/s eta 0:00:00
#10 6.663 Downloading anyio-4.3.0-py3-none-any.whl (85 kB)
#10 6.666    ━━━━━━━━━━━━━━━━━━━━━━━━━━━━━━━━━━━━━━━━ 85.6/85.6 kB 158.2 MB/s eta 0:00:00
#10 6.670 Downloading six-1.16.0-py2.py3-none-any.whl (11 kB)
#10 6.675 Downloading idna-3.6-py3-none-any.whl (61 kB)
#10 6.677    ━━━━━━━━━━━━━━━━━━━━━━━━━━━━━━━━━━━━━━━━ 61.6/61.6 kB 162.9 MB/s eta 0:00:00
#10 6.681 Downloading sniffio-1.3.1-py3-none-any.whl (10 kB)
#10 7.603 Installing collected packages: pytz, wheel, tzdata, typing-extensions, threadpoolctl, sniffio, six, setuptools, pluggy, packaging, numpy, joblib, iniconfig, idna, h11, click, annotated-types, uvicorn, scipy, python-dateutil, pytest, pydantic-core, gunicorn, anyio, starlette, scikit_learn, pydantic, pandas, fastapi
#10 7.772   Attempting uninstall: wheel
#10 7.777     Found existing installation: wheel 0.43.0
#10 7.785     Uninstalling wheel-0.43.0:
#10 7.816       Successfully uninstalled wheel-0.43.0
#10 8.074   Attempting uninstall: setuptools
#10 8.082     Found existing installation: setuptools 65.5.1
#10 8.124     Uninstalling setuptools-65.5.1:
#10 8.413       Successfully uninstalled setuptools-65.5.1
#10 27.37 Successfully installed annotated-types-0.6.0 anyio-4.3.0 click-8.1.7 fastapi-0.103.0 gunicorn-21.2.0 h11-0.14.0 idna-3.6 iniconfig-2.0.0 joblib-1.3.2 numpy-1.24.3 packaging-24.0 pandas-2.2.1 pluggy-1.4.0 pydantic-2.4.2 pydantic-core-2.10.1 pytest-8.1.1 python-dateutil-2.9.0.post0 pytz-2024.1 scikit_learn-1.4.1.post1 scipy-1.13.0 setuptools-69.2.0 six-1.16.0 sniffio-1.3.1 starlette-0.27.0 threadpoolctl-3.4.0 typing-extensions-4.11.0 tzdata-2024.1 uvicorn-0.23.2 wheel-0.38.4
#10 27.38 WARNING: Running pip as the 'root' user can result in broken permissions and conflicting behaviour with the system package manager. It is recommended to use a virtual environment instead: https://pip.pypa.io/warnings/venv
#10 DONE 28.0s

#11 [7/8] WORKDIR /code/src
#11 DONE 0.1s

#12 [8/8] RUN pip install -e .
#12 1.837 Obtaining file:///code/src
#12 1.839   Preparing metadata (setup.py): started
#12 2.128   Preparing metadata (setup.py): finished with status 'done'
#12 2.144 Requirement already satisfied: joblib==1.3.2 in /usr/local/lib/python3.11/site-packages (from prediction_model==1.0.0) (1.3.2)
#12 2.146 Requirement already satisfied: numpy==1.24.3 in /usr/local/lib/python3.11/site-packages (from prediction_model==1.0.0) (1.24.3)
#12 2.149 Requirement already satisfied: pandas==2.2.1 in /usr/local/lib/python3.11/site-packages (from prediction_model==1.0.0) (2.2.1)
#12 2.151 Requirement already satisfied: pytest==8.1.1 in /usr/local/lib/python3.11/site-packages (from prediction_model==1.0.0) (8.1.1)
#12 2.154 Requirement already satisfied: scikit_learn==1.4.1.post1 in /usr/local/lib/python3.11/site-packages (from prediction_model==1.0.0) (1.4.1.post1)
#12 2.156 Requirement already satisfied: setuptools==69.2.0 in /usr/local/lib/python3.11/site-packages (from prediction_model==1.0.0) (69.2.0)
#12 2.157 Requirement already satisfied: wheel==0.38.4 in /usr/local/lib/python3.11/site-packages (from prediction_model==1.0.0) (0.38.4)
#12 2.160 Requirement already satisfied: fastapi==0.103.0 in /usr/local/lib/python3.11/site-packages (from prediction_model==1.0.0) (0.103.0)
#12 2.167 Requirement already satisfied: pydantic==2.4.2 in /usr/local/lib/python3.11/site-packages (from prediction_model==1.0.0) (2.4.2)
#12 2.169 Requirement already satisfied: uvicorn==0.23.2 in /usr/local/lib/python3.11/site-packages (from prediction_model==1.0.0) (0.23.2)
#12 2.170 Requirement already satisfied: gunicorn==21.2.0 in /usr/local/lib/python3.11/site-packages (from prediction_model==1.0.0) (21.2.0)
#12 2.192 Requirement already satisfied: starlette<0.28.0,>=0.27.0 in /usr/local/lib/python3.11/site-packages (from fastapi==0.103.0->prediction_model==1.0.0) (0.27.0)
#12 2.194 Requirement already satisfied: typing-extensions>=4.5.0 in /usr/local/lib/python3.11/site-packages (from fastapi==0.103.0->prediction_model==1.0.0) (4.11.0)
#12 2.201 Requirement already satisfied: packaging in /usr/local/lib/python3.11/site-packages (from gunicorn==21.2.0->prediction_model==1.0.0) (24.0)
#12 2.279 Requirement already satisfied: python-dateutil>=2.8.2 in /usr/local/lib/python3.11/site-packages (from pandas==2.2.1->prediction_model==1.0.0) (2.9.0.post0)
#12 2.282 Requirement already satisfied: pytz>=2020.1 in /usr/local/lib/python3.11/site-packages (from pandas==2.2.1->prediction_model==1.0.0) (2024.1)
#12 2.284 Requirement already satisfied: tzdata>=2022.7 in /usr/local/lib/python3.11/site-packages (from pandas==2.2.1->prediction_model==1.0.0) (2024.1)
#12 2.293 Requirement already satisfied: annotated-types>=0.4.0 in /usr/local/lib/python3.11/site-packages (from pydantic==2.4.2->prediction_model==1.0.0) (0.6.0)
#12 2.295 Requirement already satisfied: pydantic-core==2.10.1 in /usr/local/lib/python3.11/site-packages (from pydantic==2.4.2->prediction_model==1.0.0) (2.10.1)
#12 2.311 Requirement already satisfied: iniconfig in /usr/local/lib/python3.11/site-packages (from pytest==8.1.1->prediction_model==1.0.0) (2.0.0)
#12 2.313 Requirement already satisfied: pluggy<2.0,>=1.4 in /usr/local/lib/python3.11/site-packages (from pytest==8.1.1->prediction_model==1.0.0) (1.4.0)
#12 2.358 Requirement already satisfied: scipy>=1.6.0 in /usr/local/lib/python3.11/site-packages (from scikit_learn==1.4.1.post1->prediction_model==1.0.0) (1.13.0)
#12 2.360 Requirement already satisfied: threadpoolctl>=2.0.0 in /usr/local/lib/python3.11/site-packages (from scikit_learn==1.4.1.post1->prediction_model==1.0.0) (3.4.0)
#12 2.419 Requirement already satisfied: click>=7.0 in /usr/local/lib/python3.11/site-packages (from uvicorn==0.23.2->prediction_model==1.0.0) (8.1.7)
#12 2.421 Requirement already satisfied: h11>=0.8 in /usr/local/lib/python3.11/site-packages (from uvicorn==0.23.2->prediction_model==1.0.0) (0.14.0)
#12 2.449 Requirement already satisfied: six>=1.5 in /usr/local/lib/python3.11/site-packages (from python-dateutil>=2.8.2->pandas==2.2.1->prediction_model==1.0.0) (1.16.0)
#12 2.496 Requirement already satisfied: anyio<5,>=3.4.0 in /usr/local/lib/python3.11/site-packages (from starlette<0.28.0,>=0.27.0->fastapi==0.103.0->prediction_model==1.0.0) (4.3.0)
#12 2.536 Requirement already satisfied: idna>=2.8 in /usr/local/lib/python3.11/site-packages (from anyio<5,>=3.4.0->starlette<0.28.0,>=0.27.0->fastapi==0.103.0->prediction_model==1.0.0) (3.6)
#12 2.538 Requirement already satisfied: sniffio>=1.1 in /usr/local/lib/python3.11/site-packages (from anyio<5,>=3.4.0->starlette<0.28.0,>=0.27.0->fastapi==0.103.0->prediction_model==1.0.0) (1.3.1)
#12 2.848 Installing collected packages: prediction_model
#12 2.849   Attempting uninstall: prediction_model
#12 2.850     Found existing installation: prediction_model 1.0.0
#12 2.852     Can't uninstall 'prediction_model'. No files were found to uninstall.
#12 2.853   Running setup.py develop for prediction_model
#12 3.214 Successfully installed prediction_model-1.0.0
#12 3.215 WARNING: Running pip as the 'root' user can result in broken permissions and conflicting behaviour with the system package manager. It is recommended to use a virtual environment instead: https://pip.pypa.io/warnings/venv
#12 DONE 3.5s

#13 exporting to image
#13 exporting layers
#13 exporting layers 8.7s done
#13 writing image sha256:5adabc5a73363a1b4531ffa5cf829af2424003ffabe02a4baed9bbd5ff217f44 done
#13 naming to docker.io/impathak/cicd:latest 0.0s done
#13 DONE 8.8s
[1-Github-Docker] $ /bin/sh -xe /tmp/jenkins7450653985312344427.sh
+ echo Build Completed
Build Completed
Email was triggered for: Always
Sending email for trigger: Always
Not sending mail to unregistered user (id: noreply, email: noreply@github.com) because your SCM claimed this was associated with a user ID ‘noreply' which your security realm does not recognize; you may need changes in your SCM plugin
Not sending mail to unregistered user (id: vp.ved.vpp, email: vp.ved.vpp@gmail.com) because your SCM claimed this was associated with a user ID ‘vp.ved.vpp' which your security realm does not recognize; you may need changes in your SCM plugin
Sending email to: impathak2702@gmail.com
